#
# There is insufficient memory for the Java Runtime Environment to continue.
# Native memory allocation (mmap) failed to map 185073664 bytes for committing reserved memory.
# Possible reasons:
#   The system is out of physical RAM or swap space
#   In 32 bit mode, the process size limit was hit
# Possible solutions:
#   Reduce memory load on the system
#   Increase physical memory or swap space
#   Check if swap backing store is full
#   Use 64 bit Java on a 64 bit OS
#   Decrease Java heap size (-Xmx/-Xms)
#   Decrease number of Java threads
#   Decrease Java thread stack sizes (-Xss)
#   Set larger code cache with -XX:ReservedCodeCacheSize=
# This output file may be truncated or incomplete.
#
#  Out of Memory Error (os_linux.cpp:2743), pid=15671, tid=0x00007f09b5b9e700
#
# JRE version: Java(TM) SE Runtime Environment (8.0_191-b12) (build 1.8.0_191-b12)
# Java VM: Java HotSpot(TM) 64-Bit Server VM (25.191-b12 mixed mode linux-amd64 compressed oops)
# Failed to write core dump. Core dumps have been disabled. To enable core dumping, try "ulimit -c unlimited" before starting Java again
#

---------------  T H R E A D  ---------------

Current thread (0x00007f09c807e000):  VMThread [stack: 0x00007f09b5a9f000,0x00007f09b5b9f000] [id=15678]

Stack: [0x00007f09b5a9f000,0x00007f09b5b9f000],  sp=0x00007f09b5b9d430,  free space=1017k
Native frames: (J=compiled Java code, j=interpreted, Vv=VM code, C=native code)
V  [libjvm.so+0xace425]  VMError::report_and_die()+0x2c5
V  [libjvm.so+0x4deb77]  report_vm_out_of_memory(char const*, int, unsigned long, VMErrorType, char const*)+0x67
V  [libjvm.so+0x90c570]  os::pd_commit_memory(char*, unsigned long, unsigned long, bool)+0x100
V  [libjvm.so+0x903eaf]  os::commit_memory(char*, unsigned long, unsigned long, bool)+0x1f
V  [libjvm.so+0x988346]  PSVirtualSpace::expand_by(unsigned long)+0x56
V  [libjvm.so+0x9895d8]  PSYoungGen::resize(unsigned long, unsigned long)+0xd8
V  [libjvm.so+0x985d66]  PSScavenge::invoke_no_policy()+0x1356
V  [libjvm.so+0x98610c]  PSScavenge::invoke()+0x4c
V  [libjvm.so+0x935fb8]  ParallelScavengeHeap::failed_mem_allocate(unsigned long)+0x68
V  [libjvm.so+0xacff53]  VM_ParallelGCFailedAllocation::doit()+0x93
V  [libjvm.so+0xad50f6]  VM_Operation::evaluate()+0x46
V  [libjvm.so+0xad347d]  VMThread::evaluate_operation(VM_Operation*) [clone .constprop.44]+0xcd
V  [libjvm.so+0xad3a3b]  VMThread::loop()+0x37b
V  [libjvm.so+0xad3de8]  VMThread::run()+0x78
V  [libjvm.so+0x909c92]  java_start(Thread*)+0x102

VM_Operation (0x00007f09a017d7c0): ParallelGCFailedAllocation, mode: safepoint, requested by thread 0x00007f096c50f000


---------------  P R O C E S S  ---------------

Java Threads: ( => current thread )
  0x00007f096c50f000 JavaThread "localhost-startStop-1" daemon [_thread_blocked, id=15693, stack(0x00007f09a007f000,0x00007f09a0180000)]
  0x00007f09789d7000 JavaThread "Tomcat-startStop-1" daemon [_thread_blocked, id=15692, stack(0x00007f09b414a000,0x00007f09b424b000)]
  0x00007f0974005800 JavaThread "restartedMain" [_thread_blocked, id=15688, stack(0x00007f09b424b000,0x00007f09b434c000)]
  0x00007f09c8b4e000 JavaThread "Thread-0" [_thread_blocked, id=15687, stack(0x00007f09b434c000,0x00007f09b444d000)]
  0x00007f09c80e0800 JavaThread "Service Thread" daemon [_thread_blocked, id=15685, stack(0x00007f09b49c8000,0x00007f09b4ac9000)]
  0x00007f09c80c3800 JavaThread "C1 CompilerThread2" daemon [_thread_blocked, id=15684, stack(0x00007f09b4aca000,0x00007f09b4bca000)]
  0x00007f09c80c1800 JavaThread "C2 CompilerThread1" daemon [_thread_blocked, id=15683, stack(0x00007f09b4bcb000,0x00007f09b4ccb000)]
  0x00007f09c80bf000 JavaThread "C2 CompilerThread0" daemon [_thread_blocked, id=15682, stack(0x00007f09b4ccc000,0x00007f09b4dcc000)]
  0x00007f09c80bd000 JavaThread "Signal Dispatcher" daemon [_thread_blocked, id=15681, stack(0x00007f09b4dcc000,0x00007f09b4ecd000)]
  0x00007f09c808a000 JavaThread "Finalizer" daemon [_thread_blocked, id=15680, stack(0x00007f09b589c000,0x00007f09b599d000)]
  0x00007f09c8087800 JavaThread "Reference Handler" daemon [_thread_blocked, id=15679, stack(0x00007f09b599d000,0x00007f09b5a9e000)]
  0x00007f09c8010000 JavaThread "main" [_thread_blocked, id=15673, stack(0x00007f09ce706000,0x00007f09ce806000)]

Other Threads:
=>0x00007f09c807e000 VMThread [stack: 0x00007f09b5a9f000,0x00007f09b5b9f000] [id=15678]
  0x00007f09c80e5800 WatcherThread [stack: 0x00007f09b48c8000,0x00007f09b49c8000] [id=15686]

VM state:at safepoint (normal execution)

VM Mutex/Monitor currently owned by a thread:  ([mutex/lock_event])
[0x00007f09c800c410] Threads_lock - owner thread: 0x00007f09c807e000
[0x00007f09c800c910] Heap_lock - owner thread: 0x00007f096c50f000

Heap:
 PSYoungGen      total 241664K, used 12279K [0x00000000d7b00000, 0x00000000e8300000, 0x0000000100000000)
  eden space 229376K, 0% used [0x00000000d7b00000,0x00000000d7b00000,0x00000000e5b00000)
  from space 12288K, 99% used [0x00000000e6b00000,0x00000000e76fdd98,0x00000000e7700000)
  to   space 10240K, 0% used [0x00000000e7900000,0x00000000e7900000,0x00000000e8300000)
 ParOldGen       total 46080K, used 13105K [0x0000000087000000, 0x0000000089d00000, 0x00000000d7b00000)
  object space 46080K, 28% used [0x0000000087000000,0x0000000087ccc4b0,0x0000000089d00000)
 Metaspace       used 33518K, capacity 35030K, committed 35328K, reserved 1079296K
  class space    used 4318K, capacity 4581K, committed 4608K, reserved 1048576K

Card table byte_map: [0x00007f09b8023000,0x00007f09b83ec000] byte_map_base: 0x00007f09b7beb000

Marking Bits: (ParMarkBitMap*) 0x00007f09cdbb5d40
 Begin Bits: [0x00007f09a0380000, 0x00007f09a21c0000)
 End Bits:   [0x00007f09a21c0000, 0x00007f09a4000000)

Polling page: 0x00007f09ce825000

CodeCache: size=245760Kb used=11745Kb max_used=11757Kb free=234014Kb
 bounds [0x00007f09b87ac000, 0x00007f09b933c000, 0x00007f09c77ac000]
 total_blobs=3923 nmethods=3521 adapters=314
 compilation: enabled

Compilation events (10 events):
Event: 7,638 Thread 0x00007f09c80bf000 3539       4       java.util.Properties$LineReader::readLine (468 bytes)
Event: 7,639 Thread 0x00007f09c80c3800 nmethod 3541 0x00007f09b9328650 code [0x00007f09b9328860, 0x00007f09b9329278]
Event: 7,639 Thread 0x00007f09c80c3800 3542       1       java.util.logging.LogManager::access$1400 (5 bytes)
Event: 7,639 Thread 0x00007f09c80c3800 nmethod 3542 0x00007f09b9328390 code [0x00007f09b93284e0, 0x00007f09b93285d0]
Event: 7,645 Thread 0x00007f09c80c1800 nmethod 3537 0x00007f09b9320710 code [0x00007f09b93208a0, 0x00007f09b9320bb8]
Event: 7,647 Thread 0x00007f09c80c3800 3543       3       java.lang.Byte::toUnsignedInt (6 bytes)
Event: 7,647 Thread 0x00007f09c80c3800 nmethod 3543 0x00007f09b9328090 code [0x00007f09b93281e0, 0x00007f09b9328310]
Event: 7,648 Thread 0x00007f09c80c1800 3544       4       java.lang.String::checkBounds (46 bytes)
Event: 7,649 Thread 0x00007f09c80c1800 nmethod 3544 0x00007f09b9327d90 code [0x00007f09b9327ee0, 0x00007f09b9327f98]
Event: 7,650 Thread 0x00007f09c80bf000 nmethod 3539 0x00007f09b932d1d0 code [0x00007f09b932d380, 0x00007f09b932d928]

GC Heap History (10 events):
Event: 1,866 GC heap after
Heap after GC invocations=3 (full 0):
 PSYoungGen      total 67584K, used 5116K [0x00000000d7b00000, 0x00000000dff00000, 0x0000000100000000)
  eden space 62464K, 0% used [0x00000000d7b00000,0x00000000d7b00000,0x00000000db800000)
  from space 5120K, 99% used [0x00000000db800000,0x00000000dbcff388,0x00000000dbd00000)
  to   space 5120K, 0% used [0x00000000dfa00000,0x00000000dfa00000,0x00000000dff00000)
 ParOldGen       total 83456K, used 1687K [0x0000000087000000, 0x000000008c180000, 0x00000000d7b00000)
  object space 83456K, 2% used [0x0000000087000000,0x00000000871a5ca8,0x000000008c180000)
 Metaspace       used 13910K, capacity 14384K, committed 14592K, reserved 1062912K
  class space    used 1816K, capacity 1951K, committed 2048K, reserved 1048576K
}
Event: 2,624 GC heap before
{Heap before GC invocations=4 (full 0):
 PSYoungGen      total 67584K, used 67580K [0x00000000d7b00000, 0x00000000dff00000, 0x0000000100000000)
  eden space 62464K, 100% used [0x00000000d7b00000,0x00000000db800000,0x00000000db800000)
  from space 5120K, 99% used [0x00000000db800000,0x00000000dbcff388,0x00000000dbd00000)
  to   space 5120K, 0% used [0x00000000dfa00000,0x00000000dfa00000,0x00000000dff00000)
 ParOldGen       total 83456K, used 1687K [0x0000000087000000, 0x000000008c180000, 0x00000000d7b00000)
  object space 83456K, 2% used [0x0000000087000000,0x00000000871a5ca8,0x000000008c180000)
 Metaspace       used 20308K, capacity 20968K, committed 21248K, reserved 1067008K
  class space    used 2595K, capacity 2771K, committed 2816K, reserved 1048576K
Event: 2,640 GC heap after
Heap after GC invocations=4 (full 0):
 PSYoungGen      total 130048K, used 5106K [0x00000000d7b00000, 0x00000000dff00000, 0x0000000100000000)
  eden space 124928K, 0% used [0x00000000d7b00000,0x00000000d7b00000,0x00000000df500000)
  from space 5120K, 99% used [0x00000000dfa00000,0x00000000dfefcba0,0x00000000dff00000)
  to   space 5120K, 0% used [0x00000000df500000,0x00000000df500000,0x00000000dfa00000)
 ParOldGen       total 83456K, used 6786K [0x0000000087000000, 0x000000008c180000, 0x00000000d7b00000)
  object space 83456K, 8% used [0x0000000087000000,0x00000000876a0ad8,0x000000008c180000)
 Metaspace       used 20308K, capacity 20968K, committed 21248K, reserved 1067008K
  class space    used 2595K, capacity 2771K, committed 2816K, reserved 1048576K
}
Event: 2,673 GC heap before
{Heap before GC invocations=5 (full 0):
 PSYoungGen      total 130048K, used 9971K [0x00000000d7b00000, 0x00000000dff00000, 0x0000000100000000)
  eden space 124928K, 3% used [0x00000000d7b00000,0x00000000d7fc0150,0x00000000df500000)
  from space 5120K, 99% used [0x00000000dfa00000,0x00000000dfefcba0,0x00000000dff00000)
  to   space 5120K, 0% used [0x00000000df500000,0x00000000df500000,0x00000000dfa00000)
 ParOldGen       total 83456K, used 6786K [0x0000000087000000, 0x000000008c180000, 0x00000000d7b00000)
  object space 83456K, 8% used [0x0000000087000000,0x00000000876a0ad8,0x000000008c180000)
 Metaspace       used 20555K, capacity 21128K, committed 21248K, reserved 1067008K
  class space    used 2635K, capacity 2803K, committed 2816K, reserved 1048576K
Event: 2,699 GC heap after
Heap after GC invocations=5 (full 0):
 PSYoungGen      total 130048K, used 5088K [0x00000000d7b00000, 0x00000000e8300000, 0x0000000100000000)
  eden space 124928K, 0% used [0x00000000d7b00000,0x00000000d7b00000,0x00000000df500000)
  from space 5120K, 99% used [0x00000000df500000,0x00000000df9f8020,0x00000000dfa00000)
  to   space 10240K, 0% used [0x00000000e7900000,0x00000000e7900000,0x00000000e8300000)
 ParOldGen       total 83456K, used 6901K [0x0000000087000000, 0x000000008c180000, 0x00000000d7b00000)
  object space 83456K, 8% used [0x0000000087000000,0x00000000876bd6d0,0x000000008c180000)
 Metaspace       used 20555K, capacity 21128K, committed 21248K, reserved 1067008K
  class space    used 2635K, capacity 2803K, committed 2816K, reserved 1048576K
}
Event: 2,699 GC heap before
{Heap before GC invocations=6 (full 1):
 PSYoungGen      total 130048K, used 5088K [0x00000000d7b00000, 0x00000000e8300000, 0x0000000100000000)
  eden space 124928K, 0% used [0x00000000d7b00000,0x00000000d7b00000,0x00000000df500000)
  from space 5120K, 99% used [0x00000000df500000,0x00000000df9f8020,0x00000000dfa00000)
  to   space 10240K, 0% used [0x00000000e7900000,0x00000000e7900000,0x00000000e8300000)
 ParOldGen       total 83456K, used 6901K [0x0000000087000000, 0x000000008c180000, 0x00000000d7b00000)
  object space 83456K, 8% used [0x0000000087000000,0x00000000876bd6d0,0x000000008c180000)
 Metaspace       used 20555K, capacity 21128K, committed 21248K, reserved 1067008K
  class space    used 2635K, capacity 2803K, committed 2816K, reserved 1048576K
Event: 2,752 GC heap after
Heap after GC invocations=6 (full 1):
 PSYoungGen      total 130048K, used 0K [0x00000000d7b00000, 0x00000000e8300000, 0x0000000100000000)
  eden space 124928K, 0% used [0x00000000d7b00000,0x00000000d7b00000,0x00000000df500000)
  from space 5120K, 0% used [0x00000000df500000,0x00000000df500000,0x00000000dfa00000)
  to   space 10240K, 0% used [0x00000000e7900000,0x00000000e7900000,0x00000000e8300000)
 ParOldGen       total 46080K, used 5082K [0x0000000087000000, 0x0000000089d00000, 0x00000000d7b00000)
  object space 46080K, 11% used [0x0000000087000000,0x00000000874f6970,0x0000000089d00000)
 Metaspace       used 20553K, capacity 21122K, committed 21248K, reserved 1067008K
  class space    used 2635K, capacity 2802K, committed 2816K, reserved 1048576K
}
Event: 4,557 GC heap before
{Heap before GC invocations=7 (full 1):
 PSYoungGen      total 130048K, used 124928K [0x00000000d7b00000, 0x00000000e8300000, 0x0000000100000000)
  eden space 124928K, 100% used [0x00000000d7b00000,0x00000000df500000,0x00000000df500000)
  from space 5120K, 0% used [0x00000000df500000,0x00000000df500000,0x00000000dfa00000)
  to   space 10240K, 0% used [0x00000000e7900000,0x00000000e7900000,0x00000000e8300000)
 ParOldGen       total 46080K, used 5082K [0x0000000087000000, 0x0000000089d00000, 0x00000000d7b00000)
  object space 46080K, 11% used [0x0000000087000000,0x00000000874f6970,0x0000000089d00000)
 Metaspace       used 25236K, capacity 25956K, committed 26240K, reserved 1073152K
  class space    used 3237K, capacity 3413K, committed 3456K, reserved 1048576K
Event: 4,581 GC heap after
Heap after GC invocations=7 (full 1):
 PSYoungGen      total 239616K, used 10179K [0x00000000d7b00000, 0x00000000e8300000, 0x0000000100000000)
  eden space 229376K, 0% used [0x00000000d7b00000,0x00000000d7b00000,0x00000000e5b00000)
  from space 10240K, 99% used [0x00000000e7900000,0x00000000e82f0e48,0x00000000e8300000)
  to   space 12288K, 0% used [0x00000000e6b00000,0x00000000e6b00000,0x00000000e7700000)
 ParOldGen       total 46080K, used 5090K [0x0000000087000000, 0x0000000089d00000, 0x00000000d7b00000)
  object space 46080K, 11% used [0x0000000087000000,0x00000000874f8970,0x0000000089d00000)
 Metaspace       used 25236K, capacity 25956K, committed 26240K, reserved 1073152K
  class space    used 3237K, capacity 3413K, committed 3456K, reserved 1048576K
}
Event: 7,659 GC heap before
{Heap before GC invocations=8 (full 1):
 PSYoungGen      total 239616K, used 239555K [0x00000000d7b00000, 0x00000000e8300000, 0x0000000100000000)
  eden space 229376K, 100% used [0x00000000d7b00000,0x00000000e5b00000,0x00000000e5b00000)
  from space 10240K, 99% used [0x00000000e7900000,0x00000000e82f0e48,0x00000000e8300000)
  to   space 12288K, 0% used [0x00000000e6b00000,0x00000000e6b00000,0x00000000e7700000)
 ParOldGen       total 46080K, used 5090K [0x0000000087000000, 0x0000000089d00000, 0x00000000d7b00000)
  object space 46080K, 11% used [0x0000000087000000,0x00000000874f8970,0x0000000089d00000)
 Metaspace       used 33518K, capacity 35030K, committed 35328K, reserved 1079296K
  class space    used 4318K, capacity 4581K, committed 4608K, reserved 1048576K

Deoptimization events (10 events):
Event: 7,099 Thread 0x00007f0974005800 Uncommon trap: reason=unstable_if action=reinterpret pc=0x00007f09b8f192b8 method=java.util.LinkedHashMap.get(Ljava/lang/Object;)Ljava/lang/Object; @ 20
Event: 7,116 Thread 0x00007f0974005800 Uncommon trap: reason=unstable_if action=reinterpret pc=0x00007f09b91f4f60 method=java.util.Properties$LineReader.readLine()I @ 323
Event: 7,124 Thread 0x00007f0974005800 Uncommon trap: reason=unstable_if action=reinterpret pc=0x00007f09b8ce1b48 method=java.util.Properties.load0(Ljava/util/Properties$LineReader;)V @ 161
Event: 7,178 Thread 0x00007f0974005800 Uncommon trap: reason=unstable_if action=reinterpret pc=0x00007f09b92d94b0 method=java.util.Properties.load0(Ljava/util/Properties$LineReader;)V @ 161
Event: 7,194 Thread 0x00007f0974005800 Uncommon trap: reason=unstable_if action=reinterpret pc=0x00007f09b8c57504 method=java.io.File.getName()Ljava/lang/String; @ 16
Event: 7,626 Thread 0x00007f096c50f000 Uncommon trap: reason=unstable_if action=reinterpret pc=0x00007f09b8c70840 method=java.io.UnixFileSystem.resolve(Ljava/lang/String;Ljava/lang/String;)Ljava/lang/String; @ 6
Event: 7,644 Thread 0x00007f096c50f000 Uncommon trap: reason=class_check action=maybe_recompile pc=0x00007f09b8c7c2b4 method=java.util.zip.InflaterInputStream.read([BII)I @ 100
Event: 7,647 Thread 0x00007f096c50f000 Uncommon trap: reason=class_check action=maybe_recompile pc=0x00007f09b8c7c2b4 method=java.util.zip.InflaterInputStream.read([BII)I @ 100
Event: 7,647 Thread 0x00007f096c50f000 Uncommon trap: reason=class_check action=maybe_recompile pc=0x00007f09b8c7c2b4 method=java.util.zip.InflaterInputStream.read([BII)I @ 100
Event: 7,647 Thread 0x00007f096c50f000 Uncommon trap: reason=class_check action=maybe_recompile pc=0x00007f09b8c7c2b4 method=java.util.zip.InflaterInputStream.read([BII)I @ 100

Classes redefined (0 events):
No events

Internal exceptions (10 events):
Event: 7,499 Thread 0x00007f0974005800 Exception <a 'java/security/PrivilegedActionException'> (0x00000000e4767750) thrown at [/HUDSON/workspace/8-2-build-linux-amd64/jdk8u191/11894/hotspot/src/share/vm/prims/jvm.cpp, line 1435]
Event: 7,499 Thread 0x00007f0974005800 Exception <a 'java/security/PrivilegedActionException'> (0x00000000e4767b48) thrown at [/HUDSON/workspace/8-2-build-linux-amd64/jdk8u191/11894/hotspot/src/share/vm/prims/jvm.cpp, line 1435]
Event: 7,500 Thread 0x00007f0974005800 Exception <a 'java/security/PrivilegedActionException'> (0x00000000e47a75f8) thrown at [/HUDSON/workspace/8-2-build-linux-amd64/jdk8u191/11894/hotspot/src/share/vm/prims/jvm.cpp, line 1435]
Event: 7,500 Thread 0x00007f0974005800 Exception <a 'java/security/PrivilegedActionException'> (0x00000000e47a79f0) thrown at [/HUDSON/workspace/8-2-build-linux-amd64/jdk8u191/11894/hotspot/src/share/vm/prims/jvm.cpp, line 1435]
Event: 7,512 Thread 0x00007f0974005800 Exception <a 'java/security/PrivilegedActionException'> (0x00000000e485d0d8) thrown at [/HUDSON/workspace/8-2-build-linux-amd64/jdk8u191/11894/hotspot/src/share/vm/prims/jvm.cpp, line 1435]
Event: 7,512 Thread 0x00007f0974005800 Exception <a 'java/security/PrivilegedActionException'> (0x00000000e485d4d0) thrown at [/HUDSON/workspace/8-2-build-linux-amd64/jdk8u191/11894/hotspot/src/share/vm/prims/jvm.cpp, line 1435]
Event: 7,513 Thread 0x00007f0974005800 Exception <a 'java/security/PrivilegedActionException'> (0x00000000e489cf80) thrown at [/HUDSON/workspace/8-2-build-linux-amd64/jdk8u191/11894/hotspot/src/share/vm/prims/jvm.cpp, line 1435]
Event: 7,513 Thread 0x00007f0974005800 Exception <a 'java/security/PrivilegedActionException'> (0x00000000e489d378) thrown at [/HUDSON/workspace/8-2-build-linux-amd64/jdk8u191/11894/hotspot/src/share/vm/prims/jvm.cpp, line 1435]
Event: 7,553 Thread 0x00007f096c50f000 Exception <a 'java/security/PrivilegedActionException'> (0x00000000e4c65a60) thrown at [/HUDSON/workspace/8-2-build-linux-amd64/jdk8u191/11894/hotspot/src/share/vm/prims/jvm.cpp, line 1435]
Event: 7,553 Thread 0x00007f096c50f000 Exception <a 'java/security/PrivilegedActionException'> (0x00000000e4c65c70) thrown at [/HUDSON/workspace/8-2-build-linux-amd64/jdk8u191/11894/hotspot/src/share/vm/prims/jvm.cpp, line 1435]

Events (10 events):
Event: 7,647 Thread 0x00007f096c50f000 Uncommon trap: trap_request=0xffffffde fr.pc=0x00007f09b8c7c2b4
Event: 7,647 Thread 0x00007f096c50f000 DEOPT PACKING pc=0x00007f09b8c7c2b4 sp=0x00007f09a017d980
Event: 7,647 Thread 0x00007f096c50f000 DEOPT UNPACKING pc=0x00007f09b87f173a sp=0x00007f09a017d998 mode 2
Event: 7,647 Thread 0x00007f096c50f000 Uncommon trap: trap_request=0xffffffde fr.pc=0x00007f09b8c7c2b4
Event: 7,647 Thread 0x00007f096c50f000 DEOPT PACKING pc=0x00007f09b8c7c2b4 sp=0x00007f09a017d8a0
Event: 7,647 Thread 0x00007f096c50f000 DEOPT UNPACKING pc=0x00007f09b87f173a sp=0x00007f09a017d8b8 mode 2
Event: 7,647 Thread 0x00007f096c50f000 Uncommon trap: trap_request=0xffffffde fr.pc=0x00007f09b8c7c2b4
Event: 7,647 Thread 0x00007f096c50f000 DEOPT PACKING pc=0x00007f09b8c7c2b4 sp=0x00007f09a017d980
Event: 7,647 Thread 0x00007f096c50f000 DEOPT UNPACKING pc=0x00007f09b87f173a sp=0x00007f09a017d998 mode 2
Event: 7,658 Executing VM operation: ParallelGCFailedAllocation


Dynamic libraries:
00400000-00401000 r-xp 00000000 08:06 1312933                            /usr/lib/jvm/java-8-oracle/jre/bin/java
00600000-00601000 r--p 00000000 08:06 1312933                            /usr/lib/jvm/java-8-oracle/jre/bin/java
00601000-00602000 rw-p 00001000 08:06 1312933                            /usr/lib/jvm/java-8-oracle/jre/bin/java
021d2000-021f3000 rw-p 00000000 00:00 0                                  [heap]
87000000-89d00000 rw-p 00000000 00:00 0 
89d00000-d7b00000 ---p 00000000 00:00 0 
d7b00000-e8300000 rw-p 00000000 00:00 0 
f3380000-100000000 ---p 00000000 00:00 0 
100000000-100480000 rw-p 00000000 00:00 0 
100480000-140000000 ---p 00000000 00:00 0 
7f0967213000-7f0967413000 rw-p 00000000 00:00 0 
7f0967413000-7f0967613000 rw-p 00000000 00:00 0 
7f0967613000-7f0967813000 rw-p 00000000 00:00 0 
7f0967a00000-7f0967c00000 rw-p 00000000 00:00 0 
7f0967c00000-7f0967e00000 rw-p 00000000 00:00 0 
7f0967e00000-7f0968000000 rw-p 00000000 00:00 0 
7f0968000000-7f0968085000 rw-p 00000000 00:00 0 
7f0968085000-7f096c000000 ---p 00000000 00:00 0 
7f096c000000-7f096c5cf000 rw-p 00000000 00:00 0 
7f096c5cf000-7f0970000000 ---p 00000000 00:00 0 
7f09701cc000-7f09701dd000 r-xp 00000000 08:06 1313067                    /usr/lib/jvm/java-8-oracle/jre/lib/amd64/libnio.so
7f09701dd000-7f09703dc000 ---p 00011000 08:06 1313067                    /usr/lib/jvm/java-8-oracle/jre/lib/amd64/libnio.so
7f09703dc000-7f09703dd000 r--p 00010000 08:06 1313067                    /usr/lib/jvm/java-8-oracle/jre/lib/amd64/libnio.so
7f09703dd000-7f09703de000 rw-p 00011000 08:06 1313067                    /usr/lib/jvm/java-8-oracle/jre/lib/amd64/libnio.so
7f09703de000-7f09705de000 rw-p 00000000 00:00 0 
7f09705de000-7f09707de000 rw-p 00000000 00:00 0 
7f09707de000-7f09709de000 rw-p 00000000 00:00 0 
7f09709de000-7f09739df000 rw-p 00000000 00:00 0 
7f09739df000-7f09739f5000 r-xp 00000000 08:06 1313064                    /usr/lib/jvm/java-8-oracle/jre/lib/amd64/libnet.so
7f09739f5000-7f0973bf4000 ---p 00016000 08:06 1313064                    /usr/lib/jvm/java-8-oracle/jre/lib/amd64/libnet.so
7f0973bf4000-7f0973bf5000 r--p 00015000 08:06 1313064                    /usr/lib/jvm/java-8-oracle/jre/lib/amd64/libnet.so
7f0973bf5000-7f0973bf6000 rw-p 00016000 08:06 1313064                    /usr/lib/jvm/java-8-oracle/jre/lib/amd64/libnet.so
7f0973bf6000-7f0973bfe000 r-xp 00000000 08:06 1313072                    /usr/lib/jvm/java-8-oracle/jre/lib/amd64/libmanagement.so
7f0973bfe000-7f0973dfe000 ---p 00008000 08:06 1313072                    /usr/lib/jvm/java-8-oracle/jre/lib/amd64/libmanagement.so
7f0973dfe000-7f0973dff000 r--p 00008000 08:06 1313072                    /usr/lib/jvm/java-8-oracle/jre/lib/amd64/libmanagement.so
7f0973dff000-7f0973e00000 rw-p 00009000 08:06 1313072                    /usr/lib/jvm/java-8-oracle/jre/lib/amd64/libmanagement.so
7f0973e00000-7f0974000000 rw-p 00000000 00:00 0 
7f0974000000-7f0974021000 rw-p 00000000 00:00 0 
7f0974021000-7f0978000000 ---p 00000000 00:00 0 
7f0978000000-7f09789d8000 rw-p 00000000 00:00 0 
7f09789d8000-7f097c000000 ---p 00000000 00:00 0 
7f097c000000-7f097c021000 rw-p 00000000 00:00 0 
7f097c021000-7f0980000000 ---p 00000000 00:00 0 
7f0980000000-7f0980021000 rw-p 00000000 00:00 0 
7f0980021000-7f0984000000 ---p 00000000 00:00 0 
7f0984000000-7f09851b3000 rw-p 00000000 00:00 0 
7f09851b3000-7f0988000000 ---p 00000000 00:00 0 
7f0988000000-7f0989222000 rw-p 00000000 00:00 0 
7f0989222000-7f098c000000 ---p 00000000 00:00 0 
7f098c000000-7f098c021000 rw-p 00000000 00:00 0 
7f098c021000-7f0990000000 ---p 00000000 00:00 0 
7f0990000000-7f09919be000 rw-p 00000000 00:00 0 
7f09919be000-7f0994000000 ---p 00000000 00:00 0 
7f0994000000-7f0994021000 rw-p 00000000 00:00 0 
7f0994021000-7f0998000000 ---p 00000000 00:00 0 
7f0998000000-7f0998021000 rw-p 00000000 00:00 0 
7f0998021000-7f099c000000 ---p 00000000 00:00 0 
7f099c000000-7f099c29b000 rw-p 00000000 00:00 0 
7f099c29b000-7f09a0000000 ---p 00000000 00:00 0 
7f09a007f000-7f09a0082000 ---p 00000000 00:00 0 
7f09a0082000-7f09a4000000 rw-p 00000000 00:00 0 
7f09a4000000-7f09a4021000 rw-p 00000000 00:00 0 
7f09a4021000-7f09a8000000 ---p 00000000 00:00 0 
7f09a8000000-7f09a8021000 rw-p 00000000 00:00 0 
7f09a8021000-7f09ac000000 ---p 00000000 00:00 0 
7f09ac000000-7f09ac021000 rw-p 00000000 00:00 0 
7f09ac021000-7f09b0000000 ---p 00000000 00:00 0 
7f09b0000000-7f09b0021000 rw-p 00000000 00:00 0 
7f09b0021000-7f09b4000000 ---p 00000000 00:00 0 
7f09b40aa000-7f09b40af000 r--s 002f9000 08:06 1312987                    /usr/lib/jvm/java-8-oracle/jre/lib/charsets.jar
7f09b40af000-7f09b40b4000 r--s 000a0000 08:06 1312994                    /usr/lib/jvm/java-8-oracle/jre/lib/jsse.jar
7f09b40b4000-7f09b414a000 r--s 0110e000 08:06 1312999                    /usr/lib/jvm/java-8-oracle/jre/lib/ext/jfxrt.jar
7f09b414a000-7f09b414d000 ---p 00000000 00:00 0 
7f09b414d000-7f09b424b000 rw-p 00000000 00:00 0 
7f09b424b000-7f09b424e000 ---p 00000000 00:00 0 
7f09b424e000-7f09b434c000 rw-p 00000000 00:00 0 
7f09b434c000-7f09b434f000 ---p 00000000 00:00 0 
7f09b434f000-7f09b444d000 rw-p 00000000 00:00 0 
7f09b444d000-7f09b4457000 r--s 00116000 08:06 1313005                    /usr/lib/jvm/java-8-oracle/jre/lib/ext/localedata.jar
7f09b4457000-7f09b4473000 r--s 00393000 08:06 1312998                    /usr/lib/jvm/java-8-oracle/jre/lib/ext/cldrdata.jar
7f09b4473000-7f09b447a000 r--s 00000000 08:06 1570449                    /usr/lib/x86_64-linux-gnu/gconv/gconv-modules.cache
7f09b447a000-7f09b449e000 r--p 00000000 08:06 1839543                    /usr/share/locale-langpack/es/LC_MESSAGES/libc.mo
7f09b449e000-7f09b44a0000 r--s 00003000 08:06 1178299                    /root/.m2/repository/org/apache/logging/log4j/log4j-to-slf4j/2.10.0/log4j-to-slf4j-2.10.0.jar
7f09b44a0000-7f09b44ca000 r--s 0024c000 08:06 1178469                    /root/.m2/repository/org/apache/poi/poi/3.15/poi-3.15.jar
7f09b44ca000-7f09b44cb000 r--s 00000000 08:06 1178292                    /root/.m2/repository/org/springframework/boot/spring-boot-starter/2.0.1.RELEASE/spring-boot-starter-2.0.1.RELEASE.jar
7f09b44cb000-7f09b44d5000 r--s 00081000 08:06 1178459                    /root/.m2/repository/software/amazon/ion/ion-java/1.0.2/ion-java-1.0.2.jar
7f09b44d5000-7f09b44da000 r--s 00014000 08:06 1178433                    /root/.m2/repository/org/hibernate/javax/persistence/hibernate-jpa-2.0-api/1.0.0.Final/hibernate-jpa-2.0-api-1.0.0.Final.jar
7f09b44da000-7f09b44dc000 r--s 00006000 08:06 1178401                    /root/.m2/repository/javax/transaction/javax.transaction-api/1.2/javax.transaction-api-1.2.jar
7f09b44dc000-7f09b44de000 r--s 0000e000 08:06 1178457                    /root/.m2/repository/commons-logging/commons-logging/1.1.3/commons-logging-1.1.3.jar
7f09b44de000-7f09b44f8000 r--s 00119000 08:06 1178316                    /root/.m2/repository/org/springframework/spring-web/5.0.5.RELEASE/spring-web-5.0.5.RELEASE.jar
7f09b44f8000-7f09b44fa000 r--s 00009000 08:06 1178424                    /root/.m2/repository/org/slf4j/slf4j-api/1.7.25/slf4j-api-1.7.25.jar
7f09b44fa000-7f09b4501000 r--s 00044000 08:06 1178453                    /root/.m2/repository/com/amazonaws/aws-java-sdk-sqs/1.11.373/aws-java-sdk-sqs-1.11.373.jar
7f09b4501000-7f09b4510000 r--s 000b2000 08:06 1178343                    /root/.m2/repository/org/springframework/spring-webmvc/5.0.5.RELEASE/spring-webmvc-5.0.5.RELEASE.jar
7f09b4510000-7f09b4511000 r--s 00000000 08:06 1178289                    /root/.m2/repository/org/springframework/boot/spring-boot-starter-data-rest/2.0.1.RELEASE/spring-boot-starter-data-rest-2.0.1.RELEASE.jar
7f09b4511000-7f09b4512000 r--s 00000000 08:06 1178294                    /root/.m2/repository/org/springframework/boot/spring-boot-starter-tomcat/2.0.1.RELEASE/spring-boot-starter-tomcat-2.0.1.RELEASE.jar
7f09b4512000-7f09b4550000 r--s 0025d000 08:06 1178476                    /root/.m2/repository/org/apache/xmlbeans/xmlbeans/2.6.0/xmlbeans-2.6.0.jar
7f09b4550000-7f09b4569000 r--s 001bf000 08:06 1178378                    /root/.m2/repository/org/aspectj/aspectjweaver/1.8.13/aspectjweaver-1.8.13.jar
7f09b4569000-7f09b457a000 r--s 00136000 08:06 1178472                    /root/.m2/repository/org/apache/poi/poi-ooxml/3.15/poi-ooxml-3.15.jar
7f09b457a000-7f09b457c000 r--s 00005000 08:06 1178463                    /root/.m2/repository/com/amazonaws/jmespath-java/1.11.373/jmespath-java-1.11.373.jar
7f09b457c000-7f09b4586000 r--s 000ab000 08:06 1178390                    /root/.m2/repository/org/javassist/javassist/3.22.0-GA/javassist-3.22.0-GA.jar
7f09b4586000-7f09b45a3000 r--s 000f8000 08:06 1178338                    /root/.m2/repository/org/hibernate/validator/hibernate-validator/6.0.9.Final/hibernate-validator-6.0.9.Final.jar
7f09b45a3000-7f09b45a5000 r--s 00004000 08:06 1178310                    /root/.m2/repository/org/springframework/spring-jcl/5.0.5.RELEASE/spring-jcl-5.0.5.RELEASE.jar
7f09b45a5000-7f09b45a7000 r--s 0000b000 08:06 1178445                    /root/.m2/repository/org/json/json/20160212/json-20160212.jar
7f09b45a7000-7f09b45ae000 r--s 00049000 08:06 1178441                    /root/.m2/repository/org/apache/httpcomponents/httpcore/4.4.9/httpcore-4.4.9.jar
7f09b45ae000-7f09b45b5000 r--s 0004b000 08:06 1178470                    /root/.m2/repository/commons-codec/commons-codec/1.11/commons-codec-1.11.jar
7f09b45b5000-7f09b45bd000 r--s 0004a000 08:06 1178296                    /root/.m2/repository/org/springframework/data/spring-data-jpa/2.0.6.RELEASE/spring-data-jpa-2.0.6.RELEASE.jar
7f09b45bd000-7f09b45dd000 r--s 000fa000 08:06 1178418                    /root/.m2/repository/org/springframework/boot/spring-boot-autoconfigure/2.0.1.RELEASE/spring-boot-autoconfigure-2.0.1.RELEASE.jar
7f09b45dd000-7f09b45e0000 r--s 0000e000 08:06 1178356                    /root/.m2/repository/com/fasterxml/jackson/core/jackson-annotations/2.9.0/jackson-annotations-2.9.0.jar
7f09b45e0000-7f09b45e5000 r--s 0002e000 08:06 1178349                    /root/.m2/repository/org/springframework/hateoas/spring-hateoas/0.24.0.RELEASE/spring-hateoas-0.24.0.RELEASE.jar
7f09b45e5000-7f09b45e7000 r--s 0000a000 08:06 1178411                    /root/.m2/repository/org/springframework/spring-aspects/5.0.5.RELEASE/spring-aspects-5.0.5.RELEASE.jar
7f09b45e7000-7f09b45ed000 r--s 00054000 08:06 1178429                    /root/.m2/repository/org/hibernate/hibernate-annotations/3.5.6-Final/hibernate-annotations-3.5.6-Final.jar
7f09b45ed000-7f09b45f1000 r--s 00015000 08:06 1178479                    /root/.m2/repository/com/github/virtuald/curvesapi/1.04/curvesapi-1.04.jar
7f09b45f1000-7f09b46ab000 r--s 004dd000 08:06 1178473                    /root/.m2/repository/org/apache/poi/poi-ooxml-schemas/3.15/poi-ooxml-schemas-3.15.jar
7f09b46ab000-7f09b46b0000 r--s 0001d000 08:06 1178345                    /root/.m2/repository/org/springframework/data/spring-data-rest-core/3.0.6.RELEASE/spring-data-rest-core-3.0.6.RELEASE.jar
7f09b46b0000-7f09b46b1000 r--s 00000000 08:06 1178293                    /root/.m2/repository/org/springframework/boot/spring-boot-starter-logging/2.0.1.RELEASE/spring-boot-starter-logging-2.0.1.RELEASE.jar
7f09b46b1000-7f09b46b6000 r--s 00068000 08:06 1178392                    /root/.m2/repository/antlr/antlr/2.7.7/antlr-2.7.7.jar
7f09b46b6000-7f09b46ba000 r--s 00037000 08:06 1178335                    /root/.m2/repository/org/apache/tomcat/embed/tomcat-embed-el/8.5.29/tomcat-embed-el-8.5.29.jar
7f09b46ba000-7f09b46c4000 r--s 000ec000 08:06 1178419                    /root/.m2/repository/mysql/mysql-connector-java/5.1.46/mysql-connector-java-5.1.46.jar
7f09b46c4000-7f09b46c9000 r--s 00012000 08:06 1178339                    /root/.m2/repository/javax/validation/validation-api/2.0.1.Final/validation-api-2.0.1.Final.jar
7f09b46c9000-7f09b46cb000 r--s 00001000 08:06 1178327                    /root/.m2/repository/com/fasterxml/jackson/module/jackson-module-parameter-names/2.9.5/jackson-module-parameter-names-2.9.5.jar
7f09b46cb000-7f09b46d3000 r--s 00072000 08:06 1178425                    /root/.m2/repository/org/apache/commons/commons-lang3/3.7/commons-lang3-3.7.jar
7f09b46d3000-7f09b46db000 r--s 00037000 08:06 1178410                    /root/.m2/repository/org/springframework/spring-tx/5.0.5.RELEASE/spring-tx-5.0.5.RELEASE.jar
7f09b46db000-7f09b46dc000 r--s 00000000 08:06 1178379                    /root/.m2/repository/org/springframework/boot/spring-boot-starter-jdbc/2.0.1.RELEASE/spring-boot-starter-jdbc-2.0.1.RELEASE.jar
7f09b46dc000-7f09b46de000 r--s 00005000 08:06 1178477                    /root/.m2/repository/stax/stax-api/1.0.1/stax-api-1.0.1.jar
7f09b46de000-7f09b46e6000 r--s 00048000 08:06 1178451                    /root/.m2/repository/com/amazonaws/aws-java-sdk-sns/1.11.373/aws-java-sdk-sns-1.11.373.jar
7f09b46e6000-7f09b46f9000 r--s 00135000 08:06 1178317                    /root/.m2/repository/com/fasterxml/jackson/core/jackson-databind/2.9.5/jackson-databind-2.9.5.jar
7f09b46f9000-7f09b46fb000 r--s 00000000 08:06 1178304                    /root/.m2/repository/org/slf4j/jul-to-slf4j/1.7.25/jul-to-slf4j-1.7.25.jar
7f09b46fb000-7f09b46fc000 r--s 00004000 08:06 1178350                    /root/.m2/repository/org/springframework/plugin/spring-plugin-core/1.2.0.RELEASE/spring-plugin-core-1.2.0.RELEASE.jar
7f09b46fc000-7f09b46ff000 r--s 00058000 08:06 1178423                    /root/.m2/repository/org/springframework/data/spring-data-rest-hal-browser/3.0.6.RELEASE/spring-data-rest-hal-browser-3.0.6.RELEASE.jar
7f09b46ff000-7f09b470c000 r--s 00095000 08:06 1178363                    /root/.m2/repository/org/springframework/spring-beans/5.0.5.RELEASE/spring-beans-5.0.5.RELEASE.jar
7f09b470c000-7f09b4724000 r--s 00114000 08:06 1178308                    /root/.m2/repository/org/springframework/spring-core/5.0.5.RELEASE/spring-core-5.0.5.RELEASE.jar
7f09b4724000-7f09b472c000 r--s 00052000 08:06 1178443                    /root/.m2/repository/org/apache/httpcomponents/httpcore-nio/4.4.9/httpcore-nio-4.4.9.jar
7f09b472c000-7f09b472e000 r--s 00002000 08:06 1178351                    /root/.m2/repository/org/atteo/evo-inflector/1.2.2/evo-inflector-1.2.2.jar
7f09b472e000-7f09b4730000 r--s 00006000 08:06 1178450                    /root/.m2/repository/org/apache/geronimo/specs/geronimo-jms_1.1_spec/1.1.1/geronimo-jms_1.1_spec-1.1.1.jar
7f09b4730000-7f09b4732000 r--s 0000b000 08:06 1178460                    /root/.m2/repository/com/fasterxml/jackson/dataformat/jackson-dataformat-cbor/2.9.5/jackson-dataformat-cbor-2.9.5.jar
7f09b4732000-7f09b4736000 r--s 0002b000 08:06 1178409                    /root/.m2/repository/org/springframework/spring-orm/5.0.5.RELEASE/spring-orm-5.0.5.RELEASE.jar
7f09b4736000-7f09b4747000 r--s 0008a000 08:06 1178462                    /root/.m2/repository/joda-time/joda-time/2.9.9/joda-time-2.9.9.jar
7f09b4747000-7f09b474a000 r--s 0000f000 08:06 1178432                    /root/.m2/repository/org/hibernate/hibernate-commons-annotations/3.2.0.Final/hibernate-commons-annotations-3.2.0.Final.jar
7f09b474a000-7f09b474c000 r--s 00009000 08:06 1178434                    /root/.m2/repository/com/mashape/unirest/unirest-java/1.4.9/unirest-java-1.4.9.jar
7f09b474c000-7f09b475c000 r--s 000a8000 08:06 1178471                    /root/.m2/repository/org/apache/commons/commons-collections4/4.1/commons-collections4-4.1.jar
7f09b475c000-7f09b4786000 r--s 002cc000 08:06 1178331                    /root/.m2/repository/org/apache/tomcat/embed/tomcat-embed-core/8.5.29/tomcat-embed-core-8.5.29.jar
7f09b4786000-7f09b4791000 r--s 00069000 08:06 1178295                    /root/.m2/repository/ch/qos/logback/logback-core/1.2.3/logback-core-1.2.3.jar
7f09b4791000-7f09b4793000 r--s 0000e000 08:06 1178370                    /root/.m2/repository/javax/activation/activation/1.1/activation-1.1.jar
7f09b4793000-7f09b4798000 r--s 00017000 08:06 1178387                    /root/.m2/repository/org/hibernate/javax/persistence/hibernate-jpa-2.1-api/1.0.0.Final/hibernate-jpa-2.1-api-1.0.0.Final.jar
7f09b4798000-7f09b479b000 r--s 00020000 08:06 1178380                    /root/.m2/repository/com/zaxxer/HikariCP/2.7.8/HikariCP-2.7.8.jar
7f09b479b000-7f09b47a2000 r--s 00042000 08:06 1178311                    /root/.m2/repository/org/yaml/snakeyaml/1.19/snakeyaml-1.19.jar
7f09b47a2000-7f09b47a5000 r--s 0002b000 08:06 1178393                    /root/.m2/repository/org/jboss/jandex/2.0.3.Final/jandex-2.0.3.Final.jar
7f09b47a5000-7f09b47aa000 r--s 0003f000 08:06 1178291                    /root/.m2/repository/org/springframework/spring-expression/5.0.5.RELEASE/spring-expression-5.0.5.RELEASE.jar
7f09b47aa000-7f09b47ad000 r--s 00016000 08:06 1178324                    /root/.m2/repository/com/fasterxml/jackson/datatype/jackson-datatype-jsr310/2.9.5/jackson-datatype-jsr310-2.9.5.jar
7f09b47ad000-7f09b47b6000 r--s 00051000 08:06 1178360                    /root/.m2/repository/org/springframework/spring-aop/5.0.5.RELEASE/spring-aop-5.0.5.RELEASE.jar
7f09b47b6000-7f09b47b8000 r--s 00009000 08:06 1178444                    /root/.m2/repository/org/apache/httpcomponents/httpmime/4.5.5/httpmime-4.5.5.jar
7f09b47b8000-7f09b47bd000 r--s 00048000 08:06 1178399                    /root/.m2/repository/dom4j/dom4j/1.6.1/dom4j-1.6.1.jar
7f09b47bd000-7f09b47bf000 r--s 00007000 08:06 1178322                    /root/.m2/repository/com/fasterxml/jackson/datatype/jackson-datatype-jdk8/2.9.5/jackson-datatype-jdk8-2.9.5.jar
7f09b47bf000-7f09b47d4000 r--s 000ce000 08:06 1178417                    /root/.m2/repository/org/springframework/boot/spring-boot/2.0.1.RELEASE/spring-boot-2.0.1.RELEASE.jar
7f09b47d4000-7f09b47ee000 r--s 000f1000 08:06 1178358                    /root/.m2/repository/org/springframework/spring-context/5.0.5.RELEASE/spring-context-5.0.5.RELEASE.jar
7f09b47ee000-7f09b47f7000 r--s 00059000 08:06 1178381                    /root/.m2/repository/org/springframework/spring-jdbc/5.0.5.RELEASE/spring-jdbc-5.0.5.RELEASE.jar
7f09b47f7000-7f09b47f9000 r--s 0000f000 08:06 1178386                    /root/.m2/repository/org/jboss/logging/jboss-logging/3.3.2.Final/jboss-logging-3.3.2.Final.jar
7f09b47f9000-7f09b47ff000 r--s 0002d000 08:06 1178416                    /root/.m2/repository/org/springframework/boot/spring-boot-devtools/2.0.1.RELEASE/spring-boot-devtools-2.0.1.RELEASE.jar
7f09b47ff000-7f09b4802000 r--s 00029000 08:06 1178442                    /root/.m2/repository/org/apache/httpcomponents/httpasyncclient/4.1.3/httpasyncclient-4.1.3.jar
7f09b4802000-7f09b4808000 r--s 00039000 08:06 1178303                    /root/.m2/repository/org/apache/logging/log4j/log4j-api/2.10.0/log4j-api-2.10.0.jar
7f09b4808000-7f09b480e000 r--s 00041000 08:06 1178297                    /root/.m2/repository/ch/qos/logback/logback-classic/1.2.3/logback-classic-1.2.3.jar
7f09b480e000-7f09b4816000 r--s 00098000 08:06 1178368                    /root/.m2/repository/com/sun/mail/javax.mail/1.6.1/javax.mail-1.6.1.jar
7f09b4816000-7f09b481e000 r--s 0004b000 08:06 1178344                    /root/.m2/repository/org/springframework/data/spring-data-rest-webmvc/3.0.6.RELEASE/spring-data-rest-webmvc-3.0.6.RELEASE.jar
7f09b481e000-7f09b4833000 r--s 000c0000 08:06 1178454                    /root/.m2/repository/com/amazonaws/aws-java-sdk-core/1.11.373/aws-java-sdk-core-1.11.373.jar
7f09b4833000-7f09b48b0000 r--s 005ee000 08:06 1178385                    /root/.m2/repository/org/hibernate/hibernate-core/5.2.16.Final/hibernate-core-5.2.16.Final.jar
7f09b48b0000-7f09b48c7000 r--s 000f0000 08:06 1178408                    /root/.m2/repository/org/springframework/data/spring-data-commons/2.0.6.RELEASE/spring-data-commons-2.0.6.RELEASE.jar
7f09b48c7000-7f09b48c8000 ---p 00000000 00:00 0 
7f09b48c8000-7f09b49c8000 rw-p 00000000 00:00 0 
7f09b49c8000-7f09b49cb000 ---p 00000000 00:00 0 
7f09b49cb000-7f09b4ac9000 rw-p 00000000 00:00 0 
7f09b4ac9000-7f09b4aca000 ---p 00000000 00:00 0 
7f09b4aca000-7f09b4acd000 ---p 00000000 00:00 0 
7f09b4acd000-7f09b4bca000 rw-p 00000000 00:00 0 
7f09b4bca000-7f09b4bcb000 ---p 00000000 00:00 0 
7f09b4bcb000-7f09b4bce000 ---p 00000000 00:00 0 
7f09b4bce000-7f09b4ccb000 rw-p 00000000 00:00 0 
7f09b4ccb000-7f09b4ccc000 ---p 00000000 00:00 0 
7f09b4ccc000-7f09b4ccf000 ---p 00000000 00:00 0 
7f09b4ccf000-7f09b4dcc000 rw-p 00000000 00:00 0 
7f09b4dcc000-7f09b4dcf000 ---p 00000000 00:00 0 
7f09b4dcf000-7f09b4ecd000 rw-p 00000000 00:00 0 
7f09b4ecd000-7f09b589c000 r--p 00000000 08:06 1314919                    /usr/lib/locale/locale-archive
7f09b589c000-7f09b589f000 ---p 00000000 00:00 0 
7f09b589f000-7f09b599d000 rw-p 00000000 00:00 0 
7f09b599d000-7f09b59a0000 ---p 00000000 00:00 0 
7f09b59a0000-7f09b5a9e000 rw-p 00000000 00:00 0 
7f09b5a9e000-7f09b5a9f000 ---p 00000000 00:00 0 
7f09b5a9f000-7f09b6b81000 rw-p 00000000 00:00 0 
7f09b6b81000-7f09b6d5b000 r--s 03d6c000 08:06 1312989                    /usr/lib/jvm/java-8-oracle/jre/lib/rt.jar
7f09b6d5b000-7f09b7999000 rw-p 00000000 00:00 0 
7f09b7999000-7f09b799a000 ---p 00000000 00:00 0 
7f09b799a000-7f09b7a9a000 rw-p 00000000 00:00 0 
7f09b7a9a000-7f09b7a9b000 ---p 00000000 00:00 0 
7f09b7a9b000-7f09b7b9b000 rw-p 00000000 00:00 0 
7f09b7b9b000-7f09b7b9c000 ---p 00000000 00:00 0 
7f09b7b9c000-7f09b7c9c000 rw-p 00000000 00:00 0 
7f09b7c9c000-7f09b7c9d000 ---p 00000000 00:00 0 
7f09b7c9d000-7f09b7db4000 rw-p 00000000 00:00 0 
7f09b7db4000-7f09b8023000 ---p 00000000 00:00 0 
7f09b8023000-7f09b803a000 rw-p 00000000 00:00 0 
7f09b803a000-7f09b82a8000 ---p 00000000 00:00 0 
7f09b82a8000-7f09b832d000 rw-p 00000000 00:00 0 
7f09b832d000-7f09b83eb000 ---p 00000000 00:00 0 
7f09b83eb000-7f09b841b000 rw-p 00000000 00:00 0 
7f09b841b000-7f09b87ac000 ---p 00000000 00:00 0 
7f09b87ac000-7f09b933c000 rwxp 00000000 00:00 0 
7f09b933c000-7f09c77ac000 ---p 00000000 00:00 0 
7f09c77ac000-7f09c77c6000 r-xp 00000000 08:06 1313060                    /usr/lib/jvm/java-8-oracle/jre/lib/amd64/libzip.so
7f09c77c6000-7f09c79c6000 ---p 0001a000 08:06 1313060                    /usr/lib/jvm/java-8-oracle/jre/lib/amd64/libzip.so
7f09c79c6000-7f09c79c7000 r--p 0001a000 08:06 1313060                    /usr/lib/jvm/java-8-oracle/jre/lib/amd64/libzip.so
7f09c79c7000-7f09c79c8000 rw-p 0001b000 08:06 1313060                    /usr/lib/jvm/java-8-oracle/jre/lib/amd64/libzip.so
7f09c79c8000-7f09c79d3000 r-xp 00000000 08:06 1837126                    /lib/x86_64-linux-gnu/libnss_files-2.27.so
7f09c79d3000-7f09c7bd2000 ---p 0000b000 08:06 1837126                    /lib/x86_64-linux-gnu/libnss_files-2.27.so
7f09c7bd2000-7f09c7bd3000 r--p 0000a000 08:06 1837126                    /lib/x86_64-linux-gnu/libnss_files-2.27.so
7f09c7bd3000-7f09c7bd4000 rw-p 0000b000 08:06 1837126                    /lib/x86_64-linux-gnu/libnss_files-2.27.so
7f09c7bd4000-7f09c7bda000 rw-p 00000000 00:00 0 
7f09c7bda000-7f09c7bf1000 r-xp 00000000 08:06 1837120                    /lib/x86_64-linux-gnu/libnsl-2.27.so
7f09c7bf1000-7f09c7df0000 ---p 00017000 08:06 1837120                    /lib/x86_64-linux-gnu/libnsl-2.27.so
7f09c7df0000-7f09c7df1000 r--p 00016000 08:06 1837120                    /lib/x86_64-linux-gnu/libnsl-2.27.so
7f09c7df1000-7f09c7df2000 rw-p 00017000 08:06 1837120                    /lib/x86_64-linux-gnu/libnsl-2.27.so
7f09c7df2000-7f09c7df4000 rw-p 00000000 00:00 0 
7f09c7df4000-7f09c7dff000 r-xp 00000000 08:06 1837137                    /lib/x86_64-linux-gnu/libnss_nis-2.27.so
7f09c7dff000-7f09c7ffe000 ---p 0000b000 08:06 1837137                    /lib/x86_64-linux-gnu/libnss_nis-2.27.so
7f09c7ffe000-7f09c7fff000 r--p 0000a000 08:06 1837137                    /lib/x86_64-linux-gnu/libnss_nis-2.27.so
7f09c7fff000-7f09c8000000 rw-p 0000b000 08:06 1837137                    /lib/x86_64-linux-gnu/libnss_nis-2.27.so
7f09c8000000-7f09c8b56000 rw-p 00000000 00:00 0 
7f09c8b56000-7f09cc000000 ---p 00000000 00:00 0 
7f09cc000000-7f09cc001000 r--s 00000000 08:06 1178315                    /root/.m2/repository/org/springframework/boot/spring-boot-starter-json/2.0.1.RELEASE/spring-boot-starter-json-2.0.1.RELEASE.jar
7f09cc001000-7f09cc009000 r-xp 00000000 08:06 1837122                    /lib/x86_64-linux-gnu/libnss_compat-2.27.so
7f09cc009000-7f09cc209000 ---p 00008000 08:06 1837122                    /lib/x86_64-linux-gnu/libnss_compat-2.27.so
7f09cc209000-7f09cc20a000 r--p 00008000 08:06 1837122                    /lib/x86_64-linux-gnu/libnss_compat-2.27.so
7f09cc20a000-7f09cc20b000 rw-p 00009000 08:06 1837122                    /lib/x86_64-linux-gnu/libnss_compat-2.27.so
7f09cc20b000-7f09cc238000 r-xp 00000000 08:06 1313054                    /usr/lib/jvm/java-8-oracle/jre/lib/amd64/libjava.so
7f09cc238000-7f09cc437000 ---p 0002d000 08:06 1313054                    /usr/lib/jvm/java-8-oracle/jre/lib/amd64/libjava.so
7f09cc437000-7f09cc438000 r--p 0002c000 08:06 1313054                    /usr/lib/jvm/java-8-oracle/jre/lib/amd64/libjava.so
7f09cc438000-7f09cc43a000 rw-p 0002d000 08:06 1313054                    /usr/lib/jvm/java-8-oracle/jre/lib/amd64/libjava.so
7f09cc43a000-7f09cc447000 r-xp 00000000 08:06 1313059                    /usr/lib/jvm/java-8-oracle/jre/lib/amd64/libverify.so
7f09cc447000-7f09cc646000 ---p 0000d000 08:06 1313059                    /usr/lib/jvm/java-8-oracle/jre/lib/amd64/libverify.so
7f09cc646000-7f09cc648000 r--p 0000c000 08:06 1313059                    /usr/lib/jvm/java-8-oracle/jre/lib/amd64/libverify.so
7f09cc648000-7f09cc649000 rw-p 0000e000 08:06 1313059                    /usr/lib/jvm/java-8-oracle/jre/lib/amd64/libverify.so
7f09cc649000-7f09cc650000 r-xp 00000000 08:06 1837177                    /lib/x86_64-linux-gnu/librt-2.27.so
7f09cc650000-7f09cc84f000 ---p 00007000 08:06 1837177                    /lib/x86_64-linux-gnu/librt-2.27.so
7f09cc84f000-7f09cc850000 r--p 00006000 08:06 1837177                    /lib/x86_64-linux-gnu/librt-2.27.so
7f09cc850000-7f09cc851000 rw-p 00007000 08:06 1837177                    /lib/x86_64-linux-gnu/librt-2.27.so
7f09cc851000-7f09cc9ee000 r-xp 00000000 08:06 1837099                    /lib/x86_64-linux-gnu/libm-2.27.so
7f09cc9ee000-7f09ccbed000 ---p 0019d000 08:06 1837099                    /lib/x86_64-linux-gnu/libm-2.27.so
7f09ccbed000-7f09ccbee000 r--p 0019c000 08:06 1837099                    /lib/x86_64-linux-gnu/libm-2.27.so
7f09ccbee000-7f09ccbef000 rw-p 0019d000 08:06 1837099                    /lib/x86_64-linux-gnu/libm-2.27.so
7f09ccbef000-7f09cd8d1000 r-xp 00000000 08:06 1313080                    /usr/lib/jvm/java-8-oracle/jre/lib/amd64/server/libjvm.so
7f09cd8d1000-7f09cdad1000 ---p 00ce2000 08:06 1313080                    /usr/lib/jvm/java-8-oracle/jre/lib/amd64/server/libjvm.so
7f09cdad1000-7f09cdb67000 r--p 00ce2000 08:06 1313080                    /usr/lib/jvm/java-8-oracle/jre/lib/amd64/server/libjvm.so
7f09cdb67000-7f09cdb98000 rw-p 00d78000 08:06 1313080                    /usr/lib/jvm/java-8-oracle/jre/lib/amd64/server/libjvm.so
7f09cdb98000-7f09cdbd3000 rw-p 00000000 00:00 0 
7f09cdbd3000-7f09cddba000 r-xp 00000000 08:06 1837036                    /lib/x86_64-linux-gnu/libc-2.27.so
7f09cddba000-7f09cdfba000 ---p 001e7000 08:06 1837036                    /lib/x86_64-linux-gnu/libc-2.27.so
7f09cdfba000-7f09cdfbe000 r--p 001e7000 08:06 1837036                    /lib/x86_64-linux-gnu/libc-2.27.so
7f09cdfbe000-7f09cdfc0000 rw-p 001eb000 08:06 1837036                    /lib/x86_64-linux-gnu/libc-2.27.so
7f09cdfc0000-7f09cdfc4000 rw-p 00000000 00:00 0 
7f09cdfc4000-7f09cdfc7000 r-xp 00000000 08:06 1837059                    /lib/x86_64-linux-gnu/libdl-2.27.so
7f09cdfc7000-7f09ce1c6000 ---p 00003000 08:06 1837059                    /lib/x86_64-linux-gnu/libdl-2.27.so
7f09ce1c6000-7f09ce1c7000 r--p 00002000 08:06 1837059                    /lib/x86_64-linux-gnu/libdl-2.27.so
7f09ce1c7000-7f09ce1c8000 rw-p 00003000 08:06 1837059                    /lib/x86_64-linux-gnu/libdl-2.27.so
7f09ce1c8000-7f09ce1df000 r-xp 00000000 08:06 1313035                    /usr/lib/jvm/java-8-oracle/jre/lib/amd64/jli/libjli.so
7f09ce1df000-7f09ce3de000 ---p 00017000 08:06 1313035                    /usr/lib/jvm/java-8-oracle/jre/lib/amd64/jli/libjli.so
7f09ce3de000-7f09ce3df000 r--p 00016000 08:06 1313035                    /usr/lib/jvm/java-8-oracle/jre/lib/amd64/jli/libjli.so
7f09ce3df000-7f09ce3e0000 rw-p 00017000 08:06 1313035                    /usr/lib/jvm/java-8-oracle/jre/lib/amd64/jli/libjli.so
7f09ce3e0000-7f09ce3fa000 r-xp 00000000 08:06 1837169                    /lib/x86_64-linux-gnu/libpthread-2.27.so
7f09ce3fa000-7f09ce5f9000 ---p 0001a000 08:06 1837169                    /lib/x86_64-linux-gnu/libpthread-2.27.so
7f09ce5f9000-7f09ce5fa000 r--p 00019000 08:06 1837169                    /lib/x86_64-linux-gnu/libpthread-2.27.so
7f09ce5fa000-7f09ce5fb000 rw-p 0001a000 08:06 1837169                    /lib/x86_64-linux-gnu/libpthread-2.27.so
7f09ce5fb000-7f09ce5ff000 rw-p 00000000 00:00 0 
7f09ce5ff000-7f09ce626000 r-xp 00000000 08:06 1837008                    /lib/x86_64-linux-gnu/ld-2.27.so
7f09ce626000-7f09ce628000 r--s 00005000 08:06 1178305                    /root/.m2/repository/javax/annotation/javax.annotation-api/1.3.2/javax.annotation-api-1.3.2.jar
7f09ce628000-7f09ce62d000 r--s 00027000 08:06 1178365                    /root/.m2/repository/org/springframework/spring-context-support/5.0.5.RELEASE/spring-context-support-5.0.5.RELEASE.jar
7f09ce62d000-7f09ce63b000 r--s 000ae000 08:06 1178435                    /root/.m2/repository/org/apache/httpcomponents/httpclient/4.5.5/httpclient-4.5.5.jar
7f09ce63b000-7f09ce705000 rw-p 00000000 00:00 0 
7f09ce705000-7f09ce706000 ---p 00000000 00:00 0 
7f09ce706000-7f09ce709000 ---p 00000000 00:00 0 
7f09ce709000-7f09ce80a000 rw-p 00000000 00:00 0 
7f09ce80a000-7f09ce80b000 r--s 00000000 08:06 1178329                    /root/.m2/repository/org/springframework/boot/spring-boot-starter-web/2.0.1.RELEASE/spring-boot-starter-web-2.0.1.RELEASE.jar
7f09ce80b000-7f09ce80d000 r--s 0000e000 08:06 1178398                    /root/.m2/repository/com/fasterxml/classmate/1.3.4/classmate-1.3.4.jar
7f09ce80d000-7f09ce810000 r--s 00010000 08:06 1178400                    /root/.m2/repository/org/hibernate/common/hibernate-commons-annotations/5.0.1.Final/hibernate-commons-annotations-5.0.1.Final.jar
7f09ce810000-7f09ce815000 r--s 0003a000 08:06 1178336                    /root/.m2/repository/org/apache/tomcat/embed/tomcat-embed-websocket/8.5.29/tomcat-embed-websocket-8.5.29.jar
7f09ce815000-7f09ce816000 r--s 00000000 08:06 1178371                    /root/.m2/repository/org/springframework/boot/spring-boot-starter-data-jpa/2.0.1.RELEASE/spring-boot-starter-data-jpa-2.0.1.RELEASE.jar
7f09ce816000-7f09ce817000 r--s 00000000 08:06 1178357                    /root/.m2/repository/org/springframework/boot/spring-boot-starter-mail/2.0.1.RELEASE/spring-boot-starter-mail-2.0.1.RELEASE.jar
7f09ce817000-7f09ce81b000 r--s 0004b000 08:06 1178319                    /root/.m2/repository/com/fasterxml/jackson/core/jackson-core/2.9.5/jackson-core-2.9.5.jar
7f09ce81b000-7f09ce81c000 r--s 00000000 08:06 1178377                    /root/.m2/repository/org/springframework/boot/spring-boot-starter-aop/2.0.1.RELEASE/spring-boot-starter-aop-2.0.1.RELEASE.jar
7f09ce81c000-7f09ce824000 rw-s 00000000 08:06 2753898                    /tmp/hsperfdata_root/15671
7f09ce824000-7f09ce825000 rw-p 00000000 00:00 0 
7f09ce825000-7f09ce826000 ---p 00000000 00:00 0 
7f09ce826000-7f09ce827000 r--p 00027000 08:06 1837008                    /lib/x86_64-linux-gnu/ld-2.27.so
7f09ce827000-7f09ce828000 rw-p 00028000 08:06 1837008                    /lib/x86_64-linux-gnu/ld-2.27.so
7f09ce828000-7f09ce829000 rw-p 00000000 00:00 0 
7ffe4cf53000-7ffe4cf76000 rw-p 00000000 00:00 0                          [stack]
7ffe4cfeb000-7ffe4cfee000 r--p 00000000 00:00 0                          [vvar]
7ffe4cfee000-7ffe4cff0000 r-xp 00000000 00:00 0                          [vdso]
ffffffffff600000-ffffffffff601000 r-xp 00000000 00:00 0                  [vsyscall]

VM Arguments:
java_command: cl.base.LocalApplication
java_class_path (initial): /home/jeferson/Documentos/Proyectos/personal/spring-boot-docker-compose/src/SPRNGDKCR001/src/main/resources:/home/jeferson/Documentos/Proyectos/personal/spring-boot-docker-compose/src/SPRNGDKCR001/src/main/resources:/home/jeferson/Documentos/Proyectos/personal/spring-boot-docker-compose/src/SPRNGDKCR001/target/classes:/root/.m2/repository/org/springframework/boot/spring-boot-starter-aop/2.0.1.RELEASE/spring-boot-starter-aop-2.0.1.RELEASE.jar:/root/.m2/repository/com/fasterxml/jackson/core/jackson-core/2.9.5/jackson-core-2.9.5.jar:/root/.m2/repository/org/springframework/data/spring-data-commons/2.0.6.RELEASE/spring-data-commons-2.0.6.RELEASE.jar:/root/.m2/repository/org/hibernate/hibernate-core/5.2.16.Final/hibernate-core-5.2.16.Final.jar:/root/.m2/repository/org/springframework/boot/spring-boot-starter-mail/2.0.1.RELEASE/spring-boot-starter-mail-2.0.1.RELEASE.jar:/root/.m2/repository/org/springframework/boot/spring-boot-starter-data-jpa/2.0.1.RELEASE/spring-boot-starter-data-jpa-2.0.1.RELEASE.jar:/root/.m2/repository/org/apache/httpcomponents/httpclient/4.5.5/httpclient-4.5.5.jar:/root/.m2/repository/org/apache/tomcat/embed/tomcat-embed-websocket/8.5.29/tomcat-embed-websocket-8.5.29.jar:/root/.m2/repository/org/hibernate/common/hibernate-commons-annotations/5.0.1.Final/hibernate-commons-annotations-5.0.1.Final.jar:/root/.m2/repository/com/amazonaws/aws-java-sdk-core/1.11.373/aws-java-sdk-core-1.11.373.jar:/root/.m2/repository/org/springframework/data/spring-data-rest-webmvc/3.0.6.RELEASE/spring-data-rest-webmvc-3.0.6.RELEASE.jar:/root/.m2/repository/org/springframework/spring-context-support/5.0.5.RELEASE/spring-context-support-5.0.5.RELEASE.jar:/root/.m2/repository/com/fasterxml/classmate/1.3.4/classmate-1.3.4.jar:/root/.m2/repository/com/sun/mail/javax.mail/1.6.1/javax.mail-1.6.1.jar:/root/.m2/repository/ch/qos/logback/logback-classic/1.2.3/logback-classic-1.2.3.jar:/root/.m2/repository/org/apache/logging/log4j/log4j-api/2.10.0/log4j-
Launcher Type: SUN_STANDARD

Environment Variables:
PATH=/usr/local/sbin:/usr/local/bin:/usr/sbin:/usr/bin:/sbin:/bin:/snap/bin
USERNAME=root
SHELL=/bin/bash

Signal Handlers:
SIGSEGV: [libjvm.so+0xaced60], sa_mask[0]=11111111011111111101111111111110, sa_flags=SA_RESTART|SA_SIGINFO
SIGBUS: [libjvm.so+0xaced60], sa_mask[0]=11111111011111111101111111111110, sa_flags=SA_RESTART|SA_SIGINFO
SIGFPE: [libjvm.so+0x907ca0], sa_mask[0]=11111111011111111101111111111110, sa_flags=SA_RESTART|SA_SIGINFO
SIGPIPE: [libjvm.so+0x907ca0], sa_mask[0]=11111111011111111101111111111110, sa_flags=SA_RESTART|SA_SIGINFO
SIGXFSZ: [libjvm.so+0x907ca0], sa_mask[0]=11111111011111111101111111111110, sa_flags=SA_RESTART|SA_SIGINFO
SIGILL: [libjvm.so+0x907ca0], sa_mask[0]=11111111011111111101111111111110, sa_flags=SA_RESTART|SA_SIGINFO
SIGUSR1: SIG_DFL, sa_mask[0]=00000000000000000000000000000000, sa_flags=none
SIGUSR2: [libjvm.so+0x907b70], sa_mask[0]=00100000000000000000000000000000, sa_flags=SA_RESTART|SA_SIGINFO
SIGHUP: SIG_IGN, sa_mask[0]=00000000000000000000000000000000, sa_flags=none
SIGINT: [libjvm.so+0x908190], sa_mask[0]=11111111011111111101111111111110, sa_flags=SA_RESTART|SA_SIGINFO
SIGTERM: [libjvm.so+0x908190], sa_mask[0]=11111111011111111101111111111110, sa_flags=SA_RESTART|SA_SIGINFO
SIGQUIT: [libjvm.so+0x908190], sa_mask[0]=11111111011111111101111111111110, sa_flags=SA_RESTART|SA_SIGINFO


---------------  S Y S T E M  ---------------

OS:DISTRIB_ID=Ubuntu
DISTRIB_RELEASE=18.04
DISTRIB_CODENAME=bionic
DISTRIB_DESCRIPTION="Ubuntu 18.04.1 LTS"

uname:Linux 4.15.0-43-generic #46-Ubuntu SMP Thu Dec 6 14:45:28 UTC 2018 x86_64
libc:glibc 2.27 NPTL 2.27 
rlimit: STACK 8192k, CORE 0k, NPROC 29981, NOFILE 1048576, AS infinity
load average:4,60 4,72 3,62

/proc/meminfo:
MemTotal:        7929628 kB
MemFree:          114292 kB
MemAvailable:      55276 kB
Buffers:            2212 kB
Cached:           346340 kB
SwapCached:        12616 kB
Active:          5849556 kB
Inactive:        1463376 kB
Active(anon):    5821256 kB
Inactive(anon):  1442056 kB
Active(file):      28300 kB
Inactive(file):    21320 kB
Unevictable:         424 kB
Mlocked:             424 kB
SwapTotal:       2343932 kB
SwapFree:              0 kB
Dirty:               784 kB
Writeback:             0 kB
AnonPages:       6954144 kB
Mapped:           116848 kB
Shmem:            298340 kB
Slab:             255996 kB
SReclaimable:     112668 kB
SUnreclaim:       143328 kB
KernelStack:       27920 kB
PageTables:       103764 kB
NFS_Unstable:          0 kB
Bounce:                0 kB
WritebackTmp:          0 kB
CommitLimit:     6308744 kB
Committed_AS:   20351364 kB
VmallocTotal:   34359738367 kB
VmallocUsed:           0 kB
VmallocChunk:          0 kB
HardwareCorrupted:     0 kB
AnonHugePages:         0 kB
ShmemHugePages:        0 kB
ShmemPmdMapped:        0 kB
CmaTotal:              0 kB
CmaFree:               0 kB
HugePages_Total:       0
HugePages_Free:        0
HugePages_Rsvd:        0
HugePages_Surp:        0
Hugepagesize:       2048 kB
DirectMap4k:      412560 kB
DirectMap2M:     6686720 kB
DirectMap1G:     1048576 kB

container (cgroup) information:
container_type: cgroupv1
cpu_cpuset_cpus: 0-3
cpu_memory_nodes: 0
active_processor_count: 4
cpu_quota: -1
cpu_period: 100000
cpu_shares: -1
memory_limit_in_bytes: -1
memory_and_swap_limit_in_bytes: -2
memory_soft_limit_in_bytes: -1
memory_usage_in_bytes: 6211088384
memory_max_usage_in_bytes: 6510039040


CPU:total 4 (initial active 4) (2 cores per cpu, 2 threads per core) family 6 model 78 stepping 3, cmov, cx8, fxsr, mmx, sse, sse2, sse3, ssse3, sse4.1, sse4.2, popcnt, avx, avx2, aes, clmul, erms, 3dnowpref, lzcnt, ht, tsc, tscinvbit, bmi1, bmi2, adx

/proc/cpuinfo:
processor	: 0
vendor_id	: GenuineIntel
cpu family	: 6
model		: 78
model name	: Intel(R) Core(TM) i5-6200U CPU @ 2.30GHz
stepping	: 3
microcode	: 0xc6
cpu MHz		: 1831.697
cache size	: 3072 KB
physical id	: 0
siblings	: 4
core id		: 0
cpu cores	: 2
apicid		: 0
initial apicid	: 0
fpu		: yes
fpu_exception	: yes
cpuid level	: 22
wp		: yes
flags		: fpu vme de pse tsc msr pae mce cx8 apic sep mtrr pge mca cmov pat pse36 clflush dts acpi mmx fxsr sse sse2 ss ht tm pbe syscall nx pdpe1gb rdtscp lm constant_tsc art arch_perfmon pebs bts rep_good nopl xtopology nonstop_tsc cpuid aperfmperf tsc_known_freq pni pclmulqdq dtes64 monitor ds_cpl vmx est tm2 ssse3 sdbg fma cx16 xtpr pdcm pcid sse4_1 sse4_2 x2apic movbe popcnt tsc_deadline_timer aes xsave avx f16c rdrand lahf_lm abm 3dnowprefetch cpuid_fault epb invpcid_single pti ssbd ibrs ibpb stibp tpr_shadow vnmi flexpriority ept vpid fsgsbase tsc_adjust bmi1 avx2 smep bmi2 erms invpcid mpx rdseed adx smap clflushopt intel_pt xsaveopt xsavec xgetbv1 xsaves dtherm ida arat pln pts hwp hwp_notify hwp_act_window hwp_epp flush_l1d
bugs		: cpu_meltdown spectre_v1 spectre_v2 spec_store_bypass l1tf
bogomips	: 4800.00
clflush size	: 64
cache_alignment	: 64
address sizes	: 39 bits physical, 48 bits virtual
power management:

processor	: 1
vendor_id	: GenuineIntel
cpu family	: 6
model		: 78
model name	: Intel(R) Core(TM) i5-6200U CPU @ 2.30GHz
stepping	: 3
microcode	: 0xc6
cpu MHz		: 1832.504
cache size	: 3072 KB
physical id	: 0
siblings	: 4
core id		: 1
cpu cores	: 2
apicid		: 2
initial apicid	: 2
fpu		: yes
fpu_exception	: yes
cpuid level	: 22
wp		: yes
flags		: fpu vme de pse tsc msr pae mce cx8 apic sep mtrr pge mca cmov pat pse36 clflush dts acpi mmx fxsr sse sse2 ss ht tm pbe syscall nx pdpe1gb rdtscp lm constant_tsc art arch_perfmon pebs bts rep_good nopl xtopology nonstop_tsc cpuid aperfmperf tsc_known_freq pni pclmulqdq dtes64 monitor ds_cpl vmx est tm2 ssse3 sdbg fma cx16 xtpr pdcm pcid sse4_1 sse4_2 x2apic movbe popcnt tsc_deadline_timer aes xsave avx f16c rdrand lahf_lm abm 3dnowprefetch cpuid_fault epb invpcid_single pti ssbd ibrs ibpb stibp tpr_shadow vnmi flexpriority ept vpid fsgsbase tsc_adjust bmi1 avx2 smep bmi2 erms invpcid mpx rdseed adx smap clflushopt intel_pt xsaveopt xsavec xgetbv1 xsaves dtherm ida arat pln pts hwp hwp_notify hwp_act_window hwp_epp flush_l1d
bugs		: cpu_meltdown spectre_v1 spectre_v2 spec_store_bypass l1tf
bogomips	: 4800.00
clflush size	: 64
cache_alignment	: 64
address sizes	: 39 bits physical, 48 bits virtual
power management:

processor	: 2
vendor_id	: GenuineIntel
cpu family	: 6
model		: 78
model name	: Intel(R) Core(TM) i5-6200U CPU @ 2.30GHz
stepping	: 3
microcode	: 0xc6
cpu MHz		: 1827.385
cache size	: 3072 KB
physical id	: 0
siblings	: 4
core id		: 0
cpu cores	: 2
apicid		: 1
initial apicid	: 1
fpu		: yes
fpu_exception	: yes
cpuid level	: 22
wp		: yes
flags		: fpu vme de pse tsc msr pae mce cx8 apic sep mtrr pge mca cmov pat pse36 clflush dts acpi mmx fxsr sse sse2 ss ht tm pbe syscall nx pdpe1gb rdtscp lm constant_tsc art arch_perfmon pebs bts rep_good nopl xtopology nonstop_tsc cpuid aperfmperf tsc_known_freq pni pclmulqdq dtes64 monitor ds_cpl vmx est tm2 ssse3 sdbg fma cx16 xtpr pdcm pcid sse4_1 sse4_2 x2apic movbe popcnt tsc_deadline_timer aes xsave avx f16c rdrand lahf_lm abm 3dnowprefetch cpuid_fault epb invpcid_single pti ssbd ibrs ibpb stibp tpr_shadow vnmi flexpriority ept vpid fsgsbase tsc_adjust bmi1 avx2 smep bmi2 erms invpcid mpx rdseed adx smap clflushopt intel_pt xsaveopt xsavec xgetbv1 xsaves dtherm ida arat pln pts hwp hwp_notify hwp_act_window hwp_epp flush_l1d
bugs		: cpu_meltdown spectre_v1 spectre_v2 spec_store_bypass l1tf
bogomips	: 4800.00
clflush size	: 64
cache_alignment	: 64
address sizes	: 39 bits physical, 48 bits virtual
power management:

processor	: 3
vendor_id	: GenuineIntel
cpu family	: 6
model		: 78
model name	: Intel(R) Core(TM) i5-6200U CPU @ 2.30GHz
stepping	: 3
microcode	: 0xc6
cpu MHz		: 1865.650
cache size	: 3072 KB
physical id	: 0
siblings	: 4
core id		: 1
cpu cores	: 2
apicid		: 3
initial apicid	: 3
fpu		: yes
fpu_exception	: yes
cpuid level	: 22
wp		: yes
flags		: fpu vme de pse tsc msr pae mce cx8 apic sep mtrr pge mca cmov pat pse36 clflush dts acpi mmx fxsr sse sse2 ss ht tm pbe syscall nx pdpe1gb rdtscp lm constant_tsc art arch_perfmon pebs bts rep_good nopl xtopology nonstop_tsc cpuid aperfmperf tsc_known_freq pni pclmulqdq dtes64 monitor ds_cpl vmx est tm2 ssse3 sdbg fma cx16 xtpr pdcm pcid sse4_1 sse4_2 x2apic movbe popcnt tsc_deadline_timer aes xsave avx f16c rdrand lahf_lm abm 3dnowprefetch cpuid_fault epb invpcid_single pti ssbd ibrs ibpb stibp tpr_shadow vnmi flexpriority ept vpid fsgsbase tsc_adjust bmi1 avx2 smep bmi2 erms invpcid mpx rdseed adx smap clflushopt intel_pt xsaveopt xsavec xgetbv1 xsaves dtherm ida arat pln pts hwp hwp_notify hwp_act_window hwp_epp flush_l1d
bugs		: cpu_meltdown spectre_v1 spectre_v2 spec_store_bypass l1tf
bogomips	: 4800.00
clflush size	: 64
cache_alignment	: 64
address sizes	: 39 bits physical, 48 bits virtual
power management:



Memory: 4k page, physical 7929628k(111208k free), swap 2343932k(0k free)

vm_info: Java HotSpot(TM) 64-Bit Server VM (25.191-b12) for linux-amd64 JRE (1.8.0_191-b12), built on Oct  6 2018 05:43:09 by "java_re" with gcc 7.3.0

time: Thu Jan 17 16:34:20 2019
elapsed time: 7 seconds (0d 0h 0m 7s)

